#
# There is insufficient memory for the Java Runtime Environment to continue.
# Native memory allocation (mmap) failed to map 266338304 bytes for Failed to commit area from 0x0000000703000000 to 0x0000000712e00000 of length 266338304.
# Possible reasons:
#   The system is out of physical RAM or swap space
#   The process is running with CompressedOops enabled, and the Java Heap may be blocking the growth of the native heap
# Possible solutions:
#   Reduce memory load on the system
#   Increase physical memory or swap space
#   Check if swap backing store is full
#   Decrease Java heap size (-Xmx/-Xms)
#   Decrease number of Java threads
#   Decrease Java thread stack sizes (-Xss)
#   Set larger code cache with -XX:ReservedCodeCacheSize=
# This output file may be truncated or incomplete.
#
#  Out of Memory Error (./src/hotspot/os/windows/os_windows.cpp:3303), pid=30640, tid=30388
#
# JRE version:  (11.0.8+10) (build )
# Java VM: OpenJDK 64-Bit Server VM (11.0.8+10-b944.6842174, mixed mode, sharing, tiered, compressed oops, g1 gc, windows-amd64)
# No core dump will be written. Minidumps are not enabled by default on client versions of Windows
#

---------------  S U M M A R Y ------------

Command Line: org.jetbrains.git4idea.http.GitAskPassApp Username for 'https://github.com': 

Host: Intel(R) Core(TM) i7-10510U CPU @ 1.80GHz, 8 cores, 15G,  Windows 10 , 64 bit Build 19041 (10.0.19041.1023)
Time: Mon Jul 26 09:21:50 2021 대한민국 표준시 elapsed time: 0 seconds (0d 0h 0m 0s)

---------------  T H R E A D  ---------------

Current thread (0x000002bdd10bc800):  JavaThread "Unknown thread" [_thread_in_vm, id=30388, stack(0x000000c81f200000,0x000000c81f300000)]

Stack: [0x000000c81f200000,0x000000c81f300000]
Native frames: (J=compiled Java code, j=interpreted, Vv=VM code, C=native code)
V  [jvm.dll+0x5de50a]
V  [jvm.dll+0x7122f5]
V  [jvm.dll+0x71384d]
V  [jvm.dll+0x713f03]
V  [jvm.dll+0x23e728]
V  [jvm.dll+0x5db9a4]
V  [jvm.dll+0x5d0ae5]
V  [jvm.dll+0x2fb20b]
V  [jvm.dll+0x2fb17a]
V  [jvm.dll+0x2fb052]
V  [jvm.dll+0x2fff16]
V  [jvm.dll+0x348743]
V  [jvm.dll+0x348e46]
V  [jvm.dll+0x348843]
V  [jvm.dll+0x2d5d68]
V  [jvm.dll+0x2d6f07]
V  [jvm.dll+0x6f11f7]
V  [jvm.dll+0x6f29ec]
V  [jvm.dll+0x355cb9]
V  [jvm.dll+0x6d4ade]
V  [jvm.dll+0x3bdfe3]
V  [jvm.dll+0x3c0201]
C  [jli.dll+0x5373]
C  [ucrtbase.dll+0x21bb2]
C  [KERNEL32.DLL+0x17034]
C  [ntdll.dll+0x52651]


---------------  P R O C E S S  ---------------

Threads class SMR info:
_java_thread_list=0x000002bdd0ee36c0, length=0, elements={
}

Java Threads: ( => current thread )

Other Threads:
  0x000002bdd10d3800 GCTaskThread "GC Thread#0" [stack: 0x000000c81f300000,0x000000c81f400000] [id=20964]
  0x000002bdd1132000 ConcurrentGCThread "G1 Main Marker" [stack: 0x000000c81f400000,0x000000c81f500000] [id=33280]
  0x000002bdd1134000 ConcurrentGCThread "G1 Conc#0" [stack: 0x000000c81f500000,0x000000c81f600000] [id=10488]

[error occurred during error reporting (printing all threads), id 0xc0000005, EXCEPTION_ACCESS_VIOLATION (0xc0000005) at pc=0x00007ffc6fc56357]

VM state:not at safepoint (not fully initialized)

VM Mutex/Monitor currently owned by a thread:  ([mutex/lock_event])
[0x000002bdd10b8930] Heap_lock - owner thread: 0x000002bdd10bc800

Heap address: 0x0000000703000000, size: 4048 MB, Compressed Oops mode: Non-zero based: 0x0000000703000000
Narrow klass base: 0x0000000000000000, Narrow klass shift: 0

GC Heap History (0 events):
No events

Deoptimization events (0 events):
No events

Classes redefined (0 events):
No events

Internal exceptions (0 events):
No events

Events (1 events):
Event: 0.017 Loaded shared library C:\Program Files\Android\Android Studio\jre\bin\zip.dll


Dynamic libraries:
0x00007ff75eaf0000 - 0x00007ff75eafa000 	C:\Program Files\Android\Android Studio\jre\bin\java.exe
0x00007ffceb390000 - 0x00007ffceb585000 	C:\WINDOWS\SYSTEM32\ntdll.dll
0x00007ffceb0e0000 - 0x00007ffceb19d000 	C:\WINDOWS\System32\KERNEL32.DLL
0x00007ffce8c00000 - 0x00007ffce8ec9000 	C:\WINDOWS\System32\KERNELBASE.dll
0x00007ffce90f0000 - 0x00007ffce91f0000 	C:\WINDOWS\System32\ucrtbase.dll
0x00007ffcdb7b0000 - 0x00007ffcdb7c9000 	C:\Program Files\Android\Android Studio\jre\bin\jli.dll
0x00007ffceb1b0000 - 0x00007ffceb350000 	C:\WINDOWS\System32\USER32.dll
0x00007ffcdc6f0000 - 0x00007ffcdc707000 	C:\Program Files\Android\Android Studio\jre\bin\VCRUNTIME140.dll
0x00007ffce8ed0000 - 0x00007ffce8ef2000 	C:\WINDOWS\System32\win32u.dll
0x00007ffce9c30000 - 0x00007ffce9c5a000 	C:\WINDOWS\System32\GDI32.dll
0x00007ffce92a0000 - 0x00007ffce93ab000 	C:\WINDOWS\System32\gdi32full.dll
0x00007ffce8b00000 - 0x00007ffce8b9d000 	C:\WINDOWS\System32\msvcp_win.dll
0x00007ffcda230000 - 0x00007ffcda4ca000 	C:\WINDOWS\WinSxS\amd64_microsoft.windows.common-controls_6595b64144ccf1df_6.0.19041.1110_none_60b5254171f9507e\COMCTL32.dll
0x00007ffceac90000 - 0x00007ffcead2e000 	C:\WINDOWS\System32\msvcrt.dll
0x00007ffceae40000 - 0x00007ffceae70000 	C:\WINDOWS\System32\IMM32.DLL
0x00007ffcc2f60000 - 0x00007ffcc2ffd000 	C:\Program Files\Android\Android Studio\jre\bin\msvcp140.dll
0x00007ffc6f970000 - 0x00007ffc7042c000 	C:\Program Files\Android\Android Studio\jre\bin\server\jvm.dll
0x00007ffcea140000 - 0x00007ffcea1ec000 	C:\WINDOWS\System32\ADVAPI32.dll
0x00007ffceb020000 - 0x00007ffceb0bb000 	C:\WINDOWS\System32\sechost.dll
0x00007ffcea000000 - 0x00007ffcea12a000 	C:\WINDOWS\System32\RPCRT4.dll
0x00007ffcea130000 - 0x00007ffcea138000 	C:\WINDOWS\System32\PSAPI.DLL
0x00007ffcd91a0000 - 0x00007ffcd91c7000 	C:\WINDOWS\SYSTEM32\WINMM.dll
0x00007ffcdde40000 - 0x00007ffcdde4a000 	C:\WINDOWS\SYSTEM32\VERSION.dll
0x00007ffcd08a0000 - 0x00007ffcd08a9000 	C:\WINDOWS\SYSTEM32\WSOCK32.dll
0x00007ffceac20000 - 0x00007ffceac8b000 	C:\WINDOWS\System32\WS2_32.dll
0x00007ffce7390000 - 0x00007ffce73a2000 	C:\WINDOWS\SYSTEM32\kernel.appcore.dll
0x00007ffcdaf70000 - 0x00007ffcdaf81000 	C:\Program Files\Android\Android Studio\jre\bin\verify.dll
0x00007ffce4060000 - 0x00007ffce4244000 	C:\WINDOWS\SYSTEM32\DBGHELP.DLL
0x00007ffcdc6b0000 - 0x00007ffcdc6dc000 	C:\WINDOWS\SYSTEM32\dbgcore.DLL
0x00007ffce9060000 - 0x00007ffce90e3000 	C:\WINDOWS\System32\bcryptPrimitives.dll
0x00007ffcba650000 - 0x00007ffcba679000 	C:\Program Files\Android\Android Studio\jre\bin\java.dll
0x00007ffcddfa0000 - 0x00007ffcddfab000 	C:\Program Files\Android\Android Studio\jre\bin\jimage.dll
0x00007ffcce780000 - 0x00007ffcce798000 	C:\Program Files\Android\Android Studio\jre\bin\zip.dll

dbghelp: loaded successfully - version: 4.0.5 - missing functions: none
symbol engine: initialized successfully - sym options: 0x614 - pdb path: .;C:\Program Files\Android\Android Studio\jre\bin;C:\WINDOWS\SYSTEM32;C:\WINDOWS\WinSxS\amd64_microsoft.windows.common-controls_6595b64144ccf1df_6.0.19041.1110_none_60b5254171f9507e;C:\Program Files\Android\Android Studio\jre\bin\server

VM Arguments:
java_command: org.jetbrains.git4idea.http.GitAskPassApp Username for 'https://github.com': 
java_class_path (initial): C:/Program Files/Android/Android Studio/plugins/git4idea/lib/git4idea-rt.jar;C:/Program Files/Android/Android Studio/lib/xmlrpc-2.0.1.jar;C:/Program Files/Android/Android Studio/lib/commons-codec-1.14.jar
Launcher Type: SUN_STANDARD

[Global flags]
     intx CICompilerCount                          = 4                                         {product} {ergonomic}
     uint ConcGCThreads                            = 2                                         {product} {ergonomic}
     uint G1ConcRefinementThreads                  = 8                                         {product} {ergonomic}
   size_t G1HeapRegionSize                         = 1048576                                   {product} {ergonomic}
    uintx GCDrainStackTargetSize                   = 64                                        {product} {ergonomic}
   size_t InitialHeapSize                          = 266338304                                 {product} {ergonomic}
   size_t MarkStackSize                            = 4194304                                   {product} {ergonomic}
   size_t MaxHeapSize                              = 4244635648                                {product} {ergonomic}
   size_t MinHeapDeltaBytes                        = 1048576                                   {product} {ergonomic}
    uintx NonNMethodCodeHeapSize                   = 5836300                                {pd product} {ergonomic}
    uintx NonProfiledCodeHeapSize                  = 122910970                              {pd product} {ergonomic}
    uintx ProfiledCodeHeapSize                     = 122910970                              {pd product} {ergonomic}
    uintx ReservedCodeCacheSize                    = 251658240                              {pd product} {ergonomic}
     bool SegmentedCodeCache                       = true                                      {product} {ergonomic}
     bool UseCompressedClassPointers               = true                                 {lp64_product} {ergonomic}
     bool UseCompressedOops                        = true                                 {lp64_product} {ergonomic}
     bool UseG1GC                                  = true                                      {product} {ergonomic}
     bool UseLargePagesIndividualAllocation        = false                                  {pd product} {ergonomic}

Logging:
Log output configuration:
 #0: stdout all=warning uptime,level,tags
 #1: stderr all=off uptime,level,tags

Environment Variables:
JAVA_HOME=C:\Program Files\Java\jdk-15.0.1
PATH=C:\Program Files\Git\mingw64\libexec\git-core;C:\Program Files\Git\mingw64\libexec\git-core;C:\Program Files\Git\mingw64\bin;C:\Program Files\Git\usr\bin;C:\Users\jihyun\bin;C:\Python39\Scripts;C:\Python39;C:\Program Files\Common Files\Oracle\Java\javapath;C:\WINDOWS\system32;C:\WINDOWS;C:\WINDOWS\System32\Wbem;C:\WINDOWS\System32\WindowsPowerShell\v1.0;C:\WINDOWS\System32\OpenSSH;C:\Program Files\dotnet;C:\Program Files\jdk-14.0.1\bin;C:\Program Files (x86)\PuTTY;C:\Users\지현\AppData\Roaming\Python\Python38;C;C:\Users\지현\AppData\Local\Programs\Python\Python36;C:\Users\지현\AppData\Local\Programs\Python\Python36\Lib\site-packages;C:\python39;C:\python38;C:\Python38\Scripts;C:\Python38\Lib\site-packages\win32ctypes\pywin32;C:\Program Files(x86)\Tesseract-OCR;C:\Program Files (x86)\Yarn\bin;C:\Program Files (x86)\Yarn;C:\Users\지현\Desktop\VisionAPI\ringed-magpie-296510-b4c4a11a4fbd.json;C:\Users\지현\AppData\Roaming\Python\Python38\site-packages\PyQt5\Qt\plugins;C:\Program Files\Pandoc;C:\Program Files\MiKTeX\miktex\bin\x64;C:\Program Files\nodejs;C:\ProgramData\chocolatey\bin;C:\Program Files\Git\cmd;C:\Program Files\MySQL\MySQL Shell 8.0\bin;C:\Users\지현\AppData\Roaming\Python\Python38;C:\Users\지현\AppData\Local\Programs\Python\Python36;C:\Users\지현\AppData\Local\Programs\Python\Python36\Scripts;C:\Python38;C:\Python38\Scripts;C:\Python38\Lib\site-packages\pywin32_ctypes-0.2.0.dist-info;C:\Python38\Lib\site-packages\pywin32_system32;C:\Python38\Lib\site-packages\win32ctypes\pywin32;C:\Python39\Scripts;C:\Python39;C:\Users\jihyun\AppData\Local\Microsoft\WindowsApps;C:\Users\지현\AppData\Local\Programs\Microsoft VS Code\bin;C:\Users\지현\Desktop\Quartus-lite-20.1.0.711-windows\components\modelsim_ase\win32aloem;C:\intelFPGA_lite\20.1\modelsim_ase\win32aloem;C:\Users\지현\AppData\Local\Yarn\bin;C:\Program Files\CMake\bin;C:\Users\지현\AppData\Local\Google\Cloud SDK\google-cloud-sdk\bin;C:\Users\지현\Desktop\PythonWorkspace\VisionAPI;C:\Users\지현\Desktop\Pytho
USERNAME=jihyun
DISPLAY=:0.0
LC_ALL=en_US.UTF-8
OS=Windows_NT
PROCESSOR_IDENTIFIER=Intel64 Family 6 Model 142 Stepping 12, GenuineIntel



---------------  S Y S T E M  ---------------

OS: Windows 10 , 64 bit Build 19041 (10.0.19041.1023)
OS uptime: 7 days 2:46 hours

CPU:total 8 (initial active 8) (4 cores per cpu, 2 threads per core) family 6 model 142 stepping 12, cmov, cx8, fxsr, mmx, sse, sse2, sse3, ssse3, sse4.1, sse4.2, popcnt, avx, avx2, aes, clmul, erms, 3dnowpref, lzcnt, ht, tsc, tscinvbit, bmi1, bmi2, adx, fma

Memory: 4k page, system-wide physical 16185M (2291M free)
TotalPageFile size 29555M (AvailPageFile size 101M)
current process WorkingSet (physical memory assigned to process): 10M, peak: 10M
current process commit charge ("private bytes"): 60M, peak: 314M

vm_info: OpenJDK 64-Bit Server VM (11.0.8+10-b944.6842174) for windows-amd64 JRE (11.0.8+10-b944.6842174), built on Sep 19 2020 01:11:42 by "builder" with MS VC++ 14.0 (VS2015)

END.
